		Initializing .... 

Total memory allocated = 5452148
		Begin Printing Seed information

Seed point: 237 224 	Path 0 0 	User path -1 -1 -1

---------------------

Print path: 



[237 224] 

		Begin Printing Seed information

Seed point: 237 224 	Path 0 16 	User path 0 54 0

Seed point: 244 215 	Path 17 17 	User path 54 54 54

---------------------

Print path: 



[237 224] [236 224] [236 223] [236 222] [236 221] [237 220] [237 219] 
[238 219] [238 218] [239 217] [240 217] [241 217] [242 217] [242 216] 
[243 216] [244 216] [244 215] [244 215] 

		Begin Printing Seed information

Seed point: 237 224 	Path 0 16 	User path 0 54 0

Seed point: 244 215 	Path 17 31 	User path 54 96 54

Seed point: 241 211 	Path 32 32 	User path 96 96 96

---------------------

Print path: 



[237 224] [236 224] [236 223] [236 222] [236 221] [237 220] [237 219] 
[238 219] [238 218] [239 217] [240 217] [241 217] [242 217] [242 216] 
[243 216] [244 216] [244 215] [244 215] [244 216] [243 216] [242 216] 
[241 215] [240 215] [239 215] [238 215] [238 214] [238 213] [238 212] 
[238 211] [239 211] [240 211] [241 211] [241 211] 

		Begin Printing Seed information

Seed point: 237 224 	Path 0 16 	User path 0 54 0

Seed point: 244 215 	Path 17 31 	User path 54 96 54

Seed point: 241 211 	Path 32 53 	User path 96 135 96

Seed point: 233 220 	Path 54 54 	User path 135 135 135

---------------------

Print path: 



[237 224] [236 224] [236 223] [236 222] [236 221] [237 220] [237 219] 
[238 219] [238 218] [239 217] [240 217] [241 217] [242 217] [242 216] 
[243 216] [244 216] [244 215] [244 215] [244 216] [243 216] [242 216] 
[241 215] [240 215] [239 215] [238 215] [238 214] [238 213] [238 212] 
[238 211] [239 211] [240 211] [241 211] [241 211] [240 211] [239 211] 
[238 211] [238 212] [237 212] [236 212] [236 213] [235 213] [235 214] 
[235 215] [235 216] [236 216] [236 217] [236 218] [235 218] [234 218] 
[233 218] [232 218] [232 219] [232 220] [233 220] [233 220] 

		Begin Printing Seed information

Seed point: 237 224 	Path 0 16 	User path 0 54 0

Seed point: 244 215 	Path 17 31 	User path 54 96 54

Seed point: 241 211 	Path 32 53 	User path 96 135 96

Seed point: 233 220 	Path 54 64 	User path 135 169 135

Seed point: 239 223 	Path 65 65 	User path 169 169 169

---------------------

Print path: 



[237 224] [236 224] [236 223] [236 222] [236 221] [237 220] [237 219] 
[238 219] [238 218] [239 217] [240 217] [241 217] [242 217] [242 216] 
[243 216] [244 216] [244 215] [244 215] [244 216] [243 216] [242 216] 
[241 215] [240 215] [239 215] [238 215] [238 214] [238 213] [238 212] 
[238 211] [239 211] [240 211] [241 211] [241 211] [240 211] [239 211] 
[238 211] [238 212] [237 212] [236 212] [236 213] [235 213] [235 214] 
[235 215] [235 216] [236 216] [236 217] [236 218] [235 218] [234 218] 
[233 218] [232 218] [232 219] [232 220] [233 220] [233 220] [234 220] 
[234 221] [234 222] [235 222] [236 222] [236 223] [236 224] [237 224] 
[238 223] [239 223] [239 223] 

User path


[237 224] [237 224] [237 224] [237 224] [238 224] [238 223] [238 223] 
[238 223] [238 223] [238 223] [238 223] [238 223] [239 222] [239 222] 
[239 222] [239 222] [239 222] [239 221] [240 221] [240 221] [240 221] 
[240 221] [240 221] [240 221] [240 220] [241 220] [241 220] [241 220] 
[241 220] [241 220] [241 220] [241 219] [241 219] [241 219] [242 219] 
[242 219] [242 219] [242 219] [242 218] [242 218] [242 218] [242 218] 
[243 218] [243 217] [243 217] [243 217] [243 217] [243 217] [243 217] 
[243 217] [243 216] [244 216] [244 216] [244 216] [244 215] [244 215] 
[244 215] [244 215] [244 214] [244 214] [244 214] [244 214] [244 214] 
[244 213] [244 213] [244 213] [243 213] [243 213] [243 213] [243 213] 
[242 213] [242 213] [242 213] [241 213] [241 213] [241 213] [241 213] 
[240 213] [240 213] [240 212] [240 212] [240 212] [240 212] [240 212] 
[240 211] [240 211] [241 211] [241 211] [241 211] [241 211] [242 211] 
[241 211] [241 211] [241 211] [241 211] [241 211] [241 211] [240 211] 
[240 211] [240 211] [240 211] [239 212] [239 212] [238 212] [238 213] 
[237 213] [237 214] [237 214] [236 214] [236 215] [235 215] [235 215] 
[235 216] [235 216] [235 216] [235 216] [235 216] [235 217] [234 217] 
[234 217] [234 217] [234 217] [234 218] [234 218] [234 218] [234 218] 
[234 219] [234 219] [234 219] [233 219] [233 219] [233 219] [233 219] 
[233 220] [233 220] [233 220] [233 220] [234 220] [234 220] [234 220] 
[235 221] [236 221] [236 221] [237 221] [237 221] [237 221] [238 222] 
[238 222] [238 222] [239 222] [239 222] [239 222] [239 222] [239 223] 
[239 223] [239 223] [239 223] [239 224] [239 224] [239 224] [239 225] 
[239 225] [239 225] [239 225] [239 224] [239 224] [239 224] [239 224] 
[239 223] [239 223] 

		Begin Printing Seed information

Seed point: 237 224 	Path 0 16 	User path 0 54 0

Seed point: 244 215 	Path 17 31 	User path 54 96 54

Seed point: 241 211 	Path 32 53 	User path 96 135 96

Seed point: 233 220 	Path 54 64 	User path 135 169 135

Seed point: 239 223 	Path 65 65 	User path 169 170 169

Seed point: 239 223 	Path 66 66 	User path 170 170 170

---------------------

Print path: 



[237 224] [236 224] [236 223] [236 222] [236 221] [237 220] [237 219] 
[238 219] [238 218] [239 217] [240 217] [241 217] [242 217] [242 216] 
[243 216] [244 216] [244 215] [244 215] [244 216] [243 216] [242 216] 
[241 215] [240 215] [239 215] [238 215] [238 214] [238 213] [238 212] 
[238 211] [239 211] [240 211] [241 211] [241 211] [240 211] [239 211] 
[238 211] [238 212] [237 212] [236 212] [236 213] [235 213] [235 214] 
[235 215] [235 216] [236 216] [236 217] [236 218] [235 218] [234 218] 
[233 218] [232 218] [232 219] [232 220] [233 220] [233 220] [234 220] 
[234 221] [234 222] [235 222] [236 222] [236 223] [236 224] [237 224] 
[238 223] [239 223] [239 223] [239 223] 

